#
# A fatal error has been detected by the Java Runtime Environment:
#
#  EXCEPTION_ACCESS_VIOLATION (0xc0000005) at pc=0x0000000002df4454, pid=58376, tid=0x0000000000005814
#
# JRE version: Java(TM) SE Runtime Environment (8.0_151-b12) (build 1.8.0_151-b12)
# Java VM: Java HotSpot(TM) 64-Bit Server VM (25.151-b12 mixed mode windows-amd64 compressed oops)
# Problematic frame:
# j  java.lang.reflect.Field.get(Ljava/lang/Object;)Ljava/lang/Object;+45
#
# Failed to write core dump. Minidumps are not enabled by default on client versions of Windows
#
# If you would like to submit a bug report, please visit:
#   http://bugreport.java.com/bugreport/crash.jsp
#

---------------  T H R E A D  ---------------

Current thread (0x0000000002cd2800):  JavaThread "main" [_thread_in_Java, id=22548, stack(0x0000000002a50000,0x0000000002b50000)]

siginfo: ExceptionCode=0xc0000005, reading address 0x00000001bac76b60

Registers:
RAX=0x000000010000a3e0, RBX=0x0000000000000000, RCX=0x00000000d701d0e0, RDX=0x0000000100086328
RSP=0x0000000002b4dac0, RBP=0x0000000002b4db18, RSI=0x0000000000000c58, RDI=0x0000000000000138
R8 =0x0000000000000081, R9 =0x00000000d61d0258, R10=0x000000006bcaf1f0, R11=0x00000219f4b26b94
R12=0x0000000000000000, R13=0x00000001bac76b60, R14=0x0000000002b4db38, R15=0x0000000002cd2800
RIP=0x0000000002df4454, EFLAGS=0x0000000000010246

Top of Stack: (sp=0x0000000002b4dac0)
0x0000000002b4dac0:   0000000002dd81b4 00000000d7151c40
0x0000000002b4dad0:   00000000d701d0e0 0000000002b4dad8
0x0000000002b4dae0:   000000001722d415 0000000002b4db38
0x0000000002b4daf0:   00000000172fc6f8 0000000000000000
0x0000000002b4db00:   000000001722d438 0000000000000000
0x0000000002b4db10:   0000000002b4db30 0000000002b4db80
0x0000000002b4db20:   0000000002dd80e0 0000000000000000
0x0000000002b4db30:   00000000d7151c40 00000000d6fad768
0x0000000002b4db40:   0000000002b4db40 000000001769a83e
0x0000000002b4db50:   0000000002b4dbe0 00000000176a1508
0x0000000002b4db60:   0000000000000000 000000001769abd0
0x0000000002b4db70:   0000000002b4db30 0000000002b4dbe0
0x0000000002b4db80:   0000000002b4dc28 0000000002dd7b30
0x0000000002b4db90:   0000000000000000 0000000000000000
0x0000000002b4dba0:   0000000000000000 0000000000000000
0x0000000002b4dbb0:   0000000000000000 0000000000000000 

Instructions: (pc=0x0000000002df4454)
0x0000000002df4434:   00 4d 89 75 18 49 83 c5 30 4c 89 6d e0 44 8b aa
0x0000000002df4444:   20 01 00 00 4e 8d ac ea b8 01 00 00 48 8d 14 da
0x0000000002df4454:   49 8b 5d 00 48 3b c3 74 16 48 85 db 0f 84 ea 02
0x0000000002df4464:   00 00 49 83 c5 10 49 8b 5d 00 48 3b c3 75 ea 45 


Register to memory mapping:

RAX=0x000000010000a3e0 is pointing into metadata
RBX=0x0000000000000000 is an unknown value
RCX=0x00000000d701d0e0 is an oop

[error occurred during error reporting (printing register info), id 0xc0000005]

Stack: [0x0000000002a50000,0x0000000002b50000],  sp=0x0000000002b4dac0,  free space=1014k
Native frames: (J=compiled Java code, j=interpreted, Vv=VM code, C=native code)
C  0x0000000002df4454


---------------  P R O C E S S  ---------------

Java Threads: ( => current thread )
  0x0000000019961000 JavaThread "Service Thread" daemon [_thread_blocked, id=65656, stack(0x000000001a040000,0x000000001a140000)]
  0x000000001989e800 JavaThread "C1 CompilerThread2" daemon [_thread_blocked, id=81164, stack(0x0000000019f40000,0x000000001a040000)]
  0x000000001989d800 JavaThread "C2 CompilerThread1" daemon [_thread_blocked, id=74892, stack(0x0000000019e40000,0x0000000019f40000)]
  0x000000001989a800 JavaThread "C2 CompilerThread0" daemon [_thread_blocked, id=42888, stack(0x0000000019d40000,0x0000000019e40000)]
  0x0000000019898000 JavaThread "Monitor Ctrl-Break" daemon [_thread_in_native, id=129212, stack(0x0000000019c40000,0x0000000019d40000)]
  0x0000000017bd2800 JavaThread "Attach Listener" daemon [_thread_blocked, id=47160, stack(0x0000000019740000,0x0000000019840000)]
  0x0000000017bd1000 JavaThread "Signal Dispatcher" daemon [_thread_blocked, id=113236, stack(0x0000000019640000,0x0000000019740000)]
  0x0000000017bbc800 JavaThread "Finalizer" daemon [_thread_blocked, id=33064, stack(0x0000000019450000,0x0000000019550000)]
  0x0000000002dc4800 JavaThread "Reference Handler" daemon [_thread_blocked, id=113596, stack(0x0000000019350000,0x0000000019450000)]
=>0x0000000002cd2800 JavaThread "main" [_thread_in_Java, id=22548, stack(0x0000000002a50000,0x0000000002b50000)]

Other Threads:
  0x0000000017b98000 VMThread [stack: 0x0000000019250000,0x0000000019350000] [id=69560]
  0x0000000019968800 WatcherThread [stack: 0x000000001a140000,0x000000001a240000] [id=17652]

VM state:not at safepoint (normal execution)

VM Mutex/Monitor currently owned by a thread: None

Heap:
 PSYoungGen      total 38400K, used 25398K [0x00000000d5900000, 0x00000000d8380000, 0x0000000100000000)
  eden space 33280K, 76% used [0x00000000d5900000,0x00000000d71cd8a0,0x00000000d7980000)
  from space 5120K, 0% used [0x00000000d7e80000,0x00000000d7e80000,0x00000000d8380000)
  to   space 5120K, 0% used [0x00000000d7980000,0x00000000d7980000,0x00000000d7e80000)
 ParOldGen       total 87552K, used 0K [0x0000000080a00000, 0x0000000085f80000, 0x00000000d5900000)
  object space 87552K, 0% used [0x0000000080a00000,0x0000000080a00000,0x0000000085f80000)
 Metaspace       used 7923K, capacity 8046K, committed 8064K, reserved 1056768K
  class space    used 1098K, capacity 1141K, committed 1152K, reserved 1048576K

Card table byte_map: [0x0000000012190000,0x0000000012590000] byte_map_base: 0x0000000011d8b000

Marking Bits: (ParMarkBitMap*) 0x000000006bccd850
 Begin Bits: [0x0000000012e40000, 0x0000000014e18000)
 End Bits:   [0x0000000014e18000, 0x0000000016df0000)

Polling page: 0x0000000000cf0000

CodeCache: size=245760Kb used=2584Kb max_used=2584Kb free=243175Kb
 bounds [0x0000000002dd0000, 0x0000000003060000, 0x0000000011dd0000]
 total_blobs=938 nmethods=619 adapters=233
 compilation: enabled

Compilation events (10 events):
Event: 2.967 Thread 0x000000001989e800  615       1       com.aparapi.internal.model.ClassModel$AttributePool$RealLocalVariableTableEntry$RealLocalVariableInfo::getStart (5 bytes)
Event: 2.967 Thread 0x000000001989e800 nmethod 615 0x00000000030555d0 code [0x0000000003055720, 0x0000000003055830]
Event: 2.967 Thread 0x000000001989e800  617       3       java.util.AbstractSet::<init> (5 bytes)
Event: 2.967 Thread 0x000000001989e800 nmethod 617 0x0000000003055890 code [0x0000000003055a00, 0x0000000003055c10]
Event: 2.968 Thread 0x000000001989e800  618       3       sun.reflect.annotation.AnnotationInvocationHandler::invoke (277 bytes)
Event: 2.969 Thread 0x000000001989e800 nmethod 618 0x0000000003055cd0 code [0x0000000003055fc0, 0x00000000030575b8]
Event: 3.042 Thread 0x000000001989e800  619       1       java.lang.Double::doubleValue (5 bytes)
Event: 3.042 Thread 0x000000001989e800 nmethod 619 0x0000000003057f10 code [0x0000000003058060, 0x0000000003058170]
Event: 3.069 Thread 0x000000001989e800  620       1       com.aparapi.internal.kernel.KernelArg::getType (5 bytes)
Event: 3.069 Thread 0x000000001989e800 nmethod 620 0x00000000030581d0 code [0x0000000003058320, 0x0000000003058430]

GC Heap History (0 events):
No events

Deoptimization events (1 events):
Event: 0.586 Thread 0x0000000002cd2800 Uncommon trap: reason=unstable_if action=reinterpret pc=0x0000000002f41a84 method=java.lang.String.indexOf([CII[CIII)I @ 3

Internal exceptions (7 events):
Event: 0.042 Thread 0x0000000002cd2800 Exception <a 'java/lang/NoSuchMethodError': Method sun.misc.Unsafe.defineClass(Ljava/lang/String;[BII)Ljava/lang/Class; name or signature does not match> (0x00000000d5907ca8) thrown at [C:\re\workspace\8-2-build-windows-amd64-cygwin\jdk8u151\9699\hotspot\
Event: 0.042 Thread 0x0000000002cd2800 Exception <a 'java/lang/NoSuchMethodError': Method sun.misc.Unsafe.prefetchRead(Ljava/lang/Object;J)V name or signature does not match> (0x00000000d5907f90) thrown at [C:\re\workspace\8-2-build-windows-amd64-cygwin\jdk8u151\9699\hotspot\src\share\vm\prims
Event: 0.176 Thread 0x0000000002cd2800 Exception <a 'java/io/FileNotFoundException'> (0x00000000d5c1eca8) thrown at [C:\re\workspace\8-2-build-windows-amd64-cygwin\jdk8u151\9699\hotspot\src\share\vm\prims\jni.cpp, line 709]
Event: 0.191 Thread 0x0000000002cd2800 Exception <a 'java/security/PrivilegedActionException'> (0x00000000d5c6a438) thrown at [C:\re\workspace\8-2-build-windows-amd64-cygwin\jdk8u151\9699\hotspot\src\share\vm\prims\jvm.cpp, line 1390]
Event: 0.191 Thread 0x0000000002cd2800 Exception <a 'java/security/PrivilegedActionException'> (0x00000000d5c6a648) thrown at [C:\re\workspace\8-2-build-windows-amd64-cygwin\jdk8u151\9699\hotspot\src\share\vm\prims\jvm.cpp, line 1390]
Event: 0.192 Thread 0x0000000002cd2800 Exception <a 'java/security/PrivilegedActionException'> (0x00000000d5c6e558) thrown at [C:\re\workspace\8-2-build-windows-amd64-cygwin\jdk8u151\9699\hotspot\src\share\vm\prims\jvm.cpp, line 1390]
Event: 0.192 Thread 0x0000000002cd2800 Exception <a 'java/security/PrivilegedActionException'> (0x00000000d5c6e768) thrown at [C:\re\workspace\8-2-build-windows-amd64-cygwin\jdk8u151\9699\hotspot\src\share\vm\prims\jvm.cpp, line 1390]

Events (10 events):
Event: 2.959 loading class com/aparapi/internal/instruction/InstructionSet$CompositeForEclipseInstruction
Event: 2.959 loading class com/aparapi/internal/instruction/InstructionSet$CompositeForEclipseInstruction done
Event: 2.959 loading class com/aparapi/internal/instruction/InstructionSet$CompositeEmptyLoopInstruction
Event: 2.959 loading class com/aparapi/internal/instruction/InstructionSet$CompositeEmptyLoopInstruction done
Event: 2.960 loading class com/aparapi/internal/instruction/InstructionSet$CompositeDoWhileInstruction
Event: 2.960 loading class com/aparapi/internal/instruction/InstructionSet$CompositeDoWhileInstruction done
Event: 2.960 loading class com/aparapi/internal/instruction/InstructionSet$1
Event: 2.960 loading class com/aparapi/internal/instruction/InstructionSet$1 done
Event: 2.967 loading class com/aparapi/internal/writer/BlockWriter$1
Event: 2.967 loading class com/aparapi/internal/writer/BlockWriter$1 done


Dynamic libraries:
0x00007ff642bb0000 - 0x00007ff642be7000 	C:\Program Files\Java\jdk1.8.0_151\bin\java.exe
0x00007ffb59a30000 - 0x00007ffb59c11000 	C:\WINDOWS\SYSTEM32\ntdll.dll
0x00007ffb597b0000 - 0x00007ffb59862000 	C:\WINDOWS\System32\KERNEL32.DLL
0x00007ffb569e0000 - 0x00007ffb56c53000 	C:\WINDOWS\System32\KERNELBASE.dll
0x00007ffb57410000 - 0x00007ffb574b1000 	C:\WINDOWS\System32\ADVAPI32.dll
0x00007ffb56ec0000 - 0x00007ffb56f5e000 	C:\WINDOWS\System32\msvcrt.dll
0x00007ffb579a0000 - 0x00007ffb579fb000 	C:\WINDOWS\System32\sechost.dll
0x00007ffb59670000 - 0x00007ffb59794000 	C:\WINDOWS\System32\RPCRT4.dll
0x00007ffb59870000 - 0x00007ffb59a00000 	C:\WINDOWS\System32\USER32.dll
0x00007ffb56c60000 - 0x00007ffb56c80000 	C:\WINDOWS\System32\win32u.dll
0x00007ffb57970000 - 0x00007ffb57998000 	C:\WINDOWS\System32\GDI32.dll
0x00007ffb56130000 - 0x00007ffb562c2000 	C:\WINDOWS\System32\gdi32full.dll
0x00007ffb55fb0000 - 0x00007ffb5604f000 	C:\WINDOWS\System32\msvcp_win.dll
0x00007ffb55eb0000 - 0x00007ffb55faa000 	C:\WINDOWS\System32\ucrtbase.dll
0x00007ffb45520000 - 0x00007ffb45789000 	C:\WINDOWS\WinSxS\amd64_microsoft.windows.common-controls_6595b64144ccf1df_6.0.17134.48_none_b4b2216a3cb4dd3e\COMCTL32.dll
0x00007ffb575c0000 - 0x00007ffb578e3000 	C:\WINDOWS\System32\combase.dll
0x00007ffb560b0000 - 0x00007ffb5612a000 	C:\WINDOWS\System32\bcryptPrimitives.dll
0x00007ffb572a0000 - 0x00007ffb572cd000 	C:\WINDOWS\System32\IMM32.DLL
0x000000006bd50000 - 0x000000006be22000 	C:\Program Files\Java\jdk1.8.0_151\jre\bin\msvcr100.dll
0x000000006b4b0000 - 0x000000006bd4d000 	C:\Program Files\Java\jdk1.8.0_151\jre\bin\server\jvm.dll
0x00007ffb57e50000 - 0x00007ffb57e58000 	C:\WINDOWS\System32\PSAPI.DLL
0x00007ffb53fa0000 - 0x00007ffb53fc3000 	C:\WINDOWS\SYSTEM32\WINMM.dll
0x00007ffb52940000 - 0x00007ffb52949000 	C:\WINDOWS\SYSTEM32\WSOCK32.dll
0x00007ffb4ec60000 - 0x00007ffb4ec6a000 	C:\WINDOWS\SYSTEM32\VERSION.dll
0x00007ffb573a0000 - 0x00007ffb5740c000 	C:\WINDOWS\System32\WS2_32.dll
0x00007ffb53da0000 - 0x00007ffb53dca000 	C:\WINDOWS\SYSTEM32\WINMMBASE.dll
0x00007ffb56e70000 - 0x00007ffb56eb9000 	C:\WINDOWS\System32\cfgmgr32.dll
0x000000006b4a0000 - 0x000000006b4af000 	C:\Program Files\Java\jdk1.8.0_151\jre\bin\verify.dll
0x000000006b470000 - 0x000000006b499000 	C:\Program Files\Java\jdk1.8.0_151\jre\bin\java.dll
0x000000006b440000 - 0x000000006b463000 	C:\Program Files\Java\jdk1.8.0_151\jre\bin\instrument.dll
0x000000006b420000 - 0x000000006b436000 	C:\Program Files\Java\jdk1.8.0_151\jre\bin\zip.dll
0x00007ffb57fe0000 - 0x00007ffb59420000 	C:\WINDOWS\System32\SHELL32.dll
0x00007ffb57f30000 - 0x00007ffb57fd9000 	C:\WINDOWS\System32\shcore.dll
0x00007ffb562d0000 - 0x00007ffb569dd000 	C:\WINDOWS\System32\windows.storage.dll
0x00007ffb57ec0000 - 0x00007ffb57f11000 	C:\WINDOWS\System32\shlwapi.dll
0x00007ffb55dd0000 - 0x00007ffb55de1000 	C:\WINDOWS\System32\kernel.appcore.dll
0x00007ffb55d60000 - 0x00007ffb55d7f000 	C:\WINDOWS\System32\profapi.dll
0x00007ffb55d80000 - 0x00007ffb55dcc000 	C:\WINDOWS\System32\powrprof.dll
0x00007ffb55df0000 - 0x00007ffb55dfa000 	C:\WINDOWS\System32\FLTLIB.DLL
0x00007ffb414a0000 - 0x00007ffb414ba000 	C:\Program Files\JetBrains\IntelliJ IDEA Community Edition 2017.3.2\bin\breakgen64.dll
0x000000006b400000 - 0x000000006b41a000 	C:\Program Files\Java\jdk1.8.0_151\jre\bin\net.dll
0x00007ffb55560000 - 0x00007ffb555c6000 	C:\WINDOWS\system32\mswsock.dll
0x00007ffb55720000 - 0x00007ffb55737000 	C:\WINDOWS\SYSTEM32\CRYPTSP.dll
0x00007ffb55140000 - 0x00007ffb55173000 	C:\WINDOWS\system32\rsaenh.dll
0x00007ffb55840000 - 0x00007ffb55865000 	C:\WINDOWS\SYSTEM32\bcrypt.dll
0x00007ffb55c40000 - 0x00007ffb55c68000 	C:\WINDOWS\SYSTEM32\USERENV.dll
0x00007ffb55710000 - 0x00007ffb5571b000 	C:\WINDOWS\SYSTEM32\CRYPTBASE.dll
0x00007ffb552e0000 - 0x00007ffb55318000 	C:\WINDOWS\SYSTEM32\IPHLPAPI.DLL
0x00007ffb597a0000 - 0x00007ffb597a8000 	C:\WINDOWS\System32\NSI.dll
0x00007ffb50eb0000 - 0x00007ffb50ec6000 	C:\WINDOWS\SYSTEM32\dhcpcsvc6.DLL
0x00007ffb51210000 - 0x00007ffb5122a000 	C:\WINDOWS\SYSTEM32\dhcpcsvc.DLL
0x000000006b3e0000 - 0x000000006b3f1000 	C:\Program Files\Java\jdk1.8.0_151\jre\bin\nio.dll
0x00007ffb3cc80000 - 0x00007ffb3cca5000 	C:\Users\Anonymous\AppData\Local\Temp\libaparapi_x86_641257384202695888348.dll
0x00007ffb40ad0000 - 0x00007ffb40ae6000 	C:\WINDOWS\SYSTEM32\VCRUNTIME140.dll
0x00007ffb35330000 - 0x00007ffb35351000 	C:\WINDOWS\SYSTEM32\OpenCL.dll
0x00007ffb30bd0000 - 0x00007ffb30c7a000 	C:\WINDOWS\SYSTEM32\MSVCP140.dll
0x00007ffb0e0b0000 - 0x00007ffb11bb7000 	C:\Windows\System32\DriverStore\FileRepository\c0318486.inf_amd64_11ba0b4b7cc81d52\amdocl64.dll
0x00007ffb57a00000 - 0x00007ffb57e4b000 	C:\WINDOWS\System32\SETUPAPI.dll
0x00007ffb59510000 - 0x00007ffb59661000 	C:\WINDOWS\System32\ole32.dll
0x00007ffb22300000 - 0x00007ffb22420000 	C:\WINDOWS\SYSTEM32\OPENGL32.dll
0x00007ffb41600000 - 0x00007ffb4162c000 	C:\WINDOWS\SYSTEM32\GLU32.dll
0x00007ffb35fc0000 - 0x00007ffb36143000 	C:\WINDOWS\SYSTEM32\atiadlxx.DLL
0x00007ffb51d20000 - 0x00007ffb51d33000 	C:\WINDOWS\SYSTEM32\WTSAPI32.dll
0x00007ffb525e0000 - 0x00007ffb52794000 	C:\WINDOWS\SYSTEM32\PROPSYS.dll
0x00007ffb572d0000 - 0x00007ffb57392000 	C:\WINDOWS\System32\OLEAUT32.dll
0x00007ffb55af0000 - 0x00007ffb55b17000 	C:\WINDOWS\SYSTEM32\DEVOBJ.dll
0x00007ffb56050000 - 0x00007ffb560a7000 	C:\WINDOWS\System32\WINTRUST.dll
0x00007ffb55d40000 - 0x00007ffb55d52000 	C:\WINDOWS\System32\MSASN1.dll
0x00007ffb56c80000 - 0x00007ffb56e62000 	C:\WINDOWS\System32\CRYPT32.dll
0x00007ffb544d0000 - 0x00007ffb544f9000 	C:\WINDOWS\SYSTEM32\dwmapi.dll
0x00007ffb34b40000 - 0x00007ffb34b7d000 	C:\WINDOWS\System32\DriverStore\FileRepository\c0318486.inf_amd64_11ba0b4b7cc81d52\atig6txx.dll
0x00007ffb0c230000 - 0x00007ffb0e0a3000 	C:\Windows\System32\DriverStore\FileRepository\c0318486.inf_amd64_11ba0b4b7cc81d52\amdocl12cl64.dll
0x00007ffb47710000 - 0x00007ffb478d9000 	C:\WINDOWS\SYSTEM32\dbghelp.dll

VM Arguments:
jvm_args: -ea -Didea.test.cyclic.buffer.size=1048576 -javaagent:C:\Program Files\JetBrains\IntelliJ IDEA Community Edition 2017.3.2\lib\idea_rt.jar=60009:C:\Program Files\JetBrains\IntelliJ IDEA Community Edition 2017.3.2\bin -Dfile.encoding=UTF-8 
java_command: com.intellij.rt.execution.junit.JUnitStarter -ideVersion5 -junit4 AparapiTest
java_class_path (initial): C:\Program Files\JetBrains\IntelliJ IDEA Community Edition 2017.3.2\lib\idea_rt.jar;C:\Program Files\JetBrains\IntelliJ IDEA Community Edition 2017.3.2\plugins\junit\lib\junit-rt.jar;C:\Program Files\JetBrains\IntelliJ IDEA Community Edition 2017.3.2\plugins\junit\lib\junit5-rt.jar;C:\Program Files\Java\jdk1.8.0_151\jre\lib\charsets.jar;C:\Program Files\Java\jdk1.8.0_151\jre\lib\deploy.jar;C:\Program Files\Java\jdk1.8.0_151\jre\lib\ext\access-bridge-64.jar;C:\Program Files\Java\jdk1.8.0_151\jre\lib\ext\cldrdata.jar;C:\Program Files\Java\jdk1.8.0_151\jre\lib\ext\dnsns.jar;C:\Program Files\Java\jdk1.8.0_151\jre\lib\ext\jaccess.jar;C:\Program Files\Java\jdk1.8.0_151\jre\lib\ext\jfxrt.jar;C:\Program Files\Java\jdk1.8.0_151\jre\lib\ext\localedata.jar;C:\Program Files\Java\jdk1.8.0_151\jre\lib\ext\nashorn.jar;C:\Program Files\Java\jdk1.8.0_151\jre\lib\ext\sunec.jar;C:\Program Files\Java\jdk1.8.0_151\jre\lib\ext\sunjce_provider.jar;C:\Program Files\Java\jdk1.8.0_151\jre\lib\ext\sunmscapi.jar;C:\Program Files\Java\jdk1.8.0_151\jre\lib\ext\sunpkcs11.jar;C:\Program Files\Java\jdk1.8.0_151\jre\lib\ext\zipfs.jar;C:\Program Files\Java\jdk1.8.0_151\jre\lib\javaws.jar;C:\Program Files\Java\jdk1.8.0_151\jre\lib\jce.jar;C:\Program Files\Java\jdk1.8.0_151\jre\lib\jfr.jar;C:\Program Files\Java\jdk1.8.0_151\jre\lib\jfxswt.jar;C:\Program Files\Java\jdk1.8.0_151\jre\lib\jsse.jar;C:\Program Files\Java\jdk1.8.0_151\jre\lib\management-agent.jar;C:\Program Files\Java\jdk1.8.0_151\jre\lib\plugin.jar;C:\Program Files\Java\jdk1.8.0_151\jre\lib\resources.jar;C:\Program Files\Java\jdk1.8.0_151\jre\lib\rt.jar;C:\Users\Anonymous\eclipse-workspace\machine-learning\target\test-classes;C:\Users\Anonymous\eclipse-workspace\machine-learning\target\classes;C:\Program Files\JetBrains\IntelliJ IDEA Community Edition 2017.3.2\lib\junit-4.12.jar;C:\Users\Anonymous\.m2\repository\junit\junit\4.12\junit-4.12.jar;C:\Users\Anonymous\.m2\repository\org\hamcrest\hamcrest-core\1.3\hamcr
Launcher Type: SUN_STANDARD

Environment Variables:
JAVA_HOME=C:\Program Files\Java\jdk1.8.0_151
PATH=C:\ProgramData\Oracle\Java\javapath;C:\WINDOWS\system32;C:\WINDOWS;C:\WINDOWS\System32\Wbem;C:\WINDOWS\System32\WindowsPowerShell\v1.0\;C:\Program Files\Git\cmd;C:\Users\Lawrence\AppData\Local\Android\Sdk\platform-tools;C:\Program Files\dotnet\;C:\Program Files\Microsoft SQL Server\130\Tools\Binn\;C:\Program Files\apache-maven-3.5.2\bin;C:\Program Files\Java\jdk1.8.0_151\bin;C:\Users\Anonymous\AppData\Local\Programs\MiKTeX 2.9\miktex\bin\x64;;C:\WINDOWS\System32\OpenSSH\;C:\Users\Anonymous\AppData\Local\Microsoft\WindowsApps;C:\Users\Anonymous\AppData\Local\GitHubDesktop\bin;C:\Users\Anonymous\AppData\Local\Programs\MiKTeX 2.9\miktex\bin\x64;;%USERPROFILE%\AppData\Local\Microsoft\WindowsApps
USERNAME=Anonymous
OS=Windows_NT
PROCESSOR_IDENTIFIER=AMD64 Family 21 Model 2 Stepping 0, AuthenticAMD



---------------  S Y S T E M  ---------------

OS: Windows 10.0 , 64 bit Build 17134 (10.0.17134.1)

CPU:total 6 (initial active 6) (6 cores per cpu, 1 threads per core) family 21 model 2 stepping 0, cmov, cx8, fxsr, mmx, sse, sse2, sse3, ssse3, sse4.1, sse4.2, popcnt, avx, aes, clmul, mmxext, 3dnowpref, lzcnt, sse4a, tsc, tscinvbit, tscinv, bmi1

Memory: 4k page, physical 8345436k(2996328k free), swap 13272308k(2462480k free)

vm_info: Java HotSpot(TM) 64-Bit Server VM (25.151-b12) for windows-amd64 JRE (1.8.0_151-b12), built on Sep  5 2017 19:33:46 by "java_re" with MS VC++ 10.0 (VS2010)

time: Wed May 30 14:52:44 2018
elapsed time: 3 seconds (0d 0h 0m 3s)

