#
# A fatal error has been detected by the Java Runtime Environment:
#
#  EXCEPTION_ACCESS_VIOLATION (0xc0000005) at pc=0x000000006b4b07c6, pid=13820, tid=0x000000000001874c
#
# JRE version: Java(TM) SE Runtime Environment (8.0_151-b12) (build 1.8.0_151-b12)
# Java VM: Java HotSpot(TM) 64-Bit Server VM (25.151-b12 mixed mode windows-amd64 compressed oops)
# Problematic frame:
# V  [jvm.dll+0x4007c6]
#
# Failed to write core dump. Minidumps are not enabled by default on client versions of Windows
#
# If you would like to submit a bug report, please visit:
#   http://bugreport.java.com/bugreport/crash.jsp
#

---------------  T H R E A D  ---------------

Current thread (0x0000000002aba000):  GCTaskThread [stack: 0x0000000012710000,0x0000000012810000] [id=100172]

siginfo: ExceptionCode=0xc0000005, reading address 0x0000001120000040

Registers:
RAX=0x0000001120000040, RBX=0x00000000d634a510, RCX=0x0000000000000029, RDX=0x0000000000000022
RSP=0x000000001280f150, RBP=0x0000000000000007, RSI=0x0000000017965200, RDI=0x0000000017965200
R8 =0x00000000c0100501, R9 =0x1fffffffffffffff, R10=0x0000000000000008, R11=0x00000000d79e7128
R12=0x000000006b705bc0, R13=0x0000001120000042, R14=0x0000000000000000, R15=0x0000000002aba310
RIP=0x000000006b4b07c6, EFLAGS=0x0000000000010202

Top of Stack: (sp=0x000000001280f150)
0x000000001280f150:   00000000d634a4f8 0000000000000003
0x000000001280f160:   0000000017965200 00000000d798875d
0x000000001280f170:   00000000d79df138 000000006b4b0efb
0x000000001280f180:   00000000d7988ac4 000000006b1c4d50
0x000000001280f190:   0000000000000000 0000000002aaf000
0x000000001280f1a0:   000000006b705bc0 000000006b4b0b20
0x000000001280f1b0:   00000000d79e23ec 000000001280f310
0x000000001280f1c0:   0000000017965200 0000000017965200
0x000000001280f1d0:   00000000d79e23ec 000000006b4b16c5
0x000000001280f1e0:   00000000d6773828 000000001280f310
0x000000001280f1f0:   0000000017965200 0000000000001000
0x000000001280f200:   0000000000000000 0000000000000000
0x000000001280f210:   0000000002aba300 0000000002aaf050
0x000000001280f220:   0000000002ac41e0 000000006b4b34c6
0x000000001280f230:   0000000002b92678 000000001280f2b0
0x000000001280f240:   0000000002b925c0 0000000000000017 

Instructions: (pc=0x000000006b4b07c6)
0x000000006b4b07a6:   48 8b 52 08 48 8b cb e8 ee f2 ca ff 48 63 e8 41
0x000000006b4b07b6:   0f b6 c5 f6 d0 a8 01 49 8b c5 74 06 48 83 e0 fd
0x000000006b4b07c6:   8b 00 48 c1 e8 03 83 e0 0f 3b 05 83 d1 41 00 0f
0x000000006b4b07d6:   83 11 01 00 00 48 8b d5 48 8b ce e8 3a fa ff ff 


Register to memory mapping:

RAX=0x0000001120000040 is an unknown value
RBX=0x00000000d634a510 is an oop
[C 
 - klass: {type array char}
 - length: 17
RCX=0x0000000000000029 is an unknown value
RDX=0x0000000000000022 is an unknown value
RSP=0x000000001280f150 is an unknown value
RBP=0x0000000000000007 is an unknown value
RSI=0x0000000017965200 is an unknown value
RDI=0x0000000017965200 is an unknown value
R8 =0x00000000c0100501 is an unallocated location in the heap
R9 =0x1fffffffffffffff is an unknown value
R10=0x0000000000000008 is an unknown value
R11=0x00000000d79e7128 is an unknown value
R12=0x000000006b705bc0 is an unknown value
R13=0x0000001120000042 is an unknown value
R14=0x0000000000000000 is an unknown value
R15=0x0000000002aba310 is an unknown value


Stack: [0x0000000012710000,0x0000000012810000],  sp=0x000000001280f150,  free space=1020k
Native frames: (J=compiled Java code, j=interpreted, Vv=VM code, C=native code)
V  [jvm.dll+0x4007c6]
V  [jvm.dll+0x400b20]
V  [jvm.dll+0x4016c5]
V  [jvm.dll+0x4038e8]
V  [jvm.dll+0x3f2a0e]
V  [jvm.dll+0x29c3ea]
C  [msvcr100.dll+0x21d9f]
C  [msvcr100.dll+0x21e3b]
C  [KERNEL32.DLL+0x13034]
C  [ntdll.dll+0x71551]


---------------  P R O C E S S  ---------------

Java Threads: ( => current thread )
  0x000000001a25b800 JavaThread "ForkJoinPool-3-worker-3" daemon [_thread_blocked, id=114652, stack(0x000000002c7a0000,0x000000002c8a0000)]
  0x000000001a25a800 JavaThread "ForkJoinPool-3-worker-2" daemon [_thread_blocked, id=23196, stack(0x000000002c6a0000,0x000000002c7a0000)]
  0x000000001a256000 JavaThread "ForkJoinPool-3-worker-1" daemon [_thread_blocked, id=99296, stack(0x000000002c5a0000,0x000000002c6a0000)]
  0x000000001a24c000 JavaThread "ForkJoinPool-1-worker-6" daemon [_thread_blocked, id=16100, stack(0x00000000293d0000,0x00000000294d0000)]
  0x000000001a24b800 JavaThread "ForkJoinPool-1-worker-5" daemon [_thread_blocked, id=51868, stack(0x00000000292d0000,0x00000000293d0000)]
  0x000000001a246800 JavaThread "ForkJoinPool-1-worker-4" daemon [_thread_blocked, id=105860, stack(0x00000000291d0000,0x00000000292d0000)]
  0x000000001a246000 JavaThread "ForkJoinPool-1-worker-3" daemon [_thread_blocked, id=108512, stack(0x00000000290d0000,0x00000000291d0000)]
  0x000000001a26b000 JavaThread "ForkJoinPool-1-worker-2" daemon [_thread_blocked, id=62484, stack(0x0000000028ed0000,0x0000000028fd0000)]
  0x000000001a26a800 JavaThread "ForkJoinPool-1-worker-1" daemon [_thread_blocked, id=33928, stack(0x0000000028dd0000,0x0000000028ed0000)]
  0x0000000019720800 JavaThread "Service Thread" daemon [_thread_blocked, id=16988, stack(0x0000000019e20000,0x0000000019f20000)]
  0x0000000019688000 JavaThread "C1 CompilerThread2" daemon [_thread_blocked, id=4916, stack(0x0000000019d20000,0x0000000019e20000)]
  0x0000000019685000 JavaThread "C2 CompilerThread1" daemon [_thread_blocked, id=129732, stack(0x0000000019c20000,0x0000000019d20000)]
  0x0000000019682000 JavaThread "C2 CompilerThread0" daemon [_thread_blocked, id=57592, stack(0x0000000019b20000,0x0000000019c20000)]
  0x000000001967f800 JavaThread "Monitor Ctrl-Break" daemon [_thread_in_native, id=23308, stack(0x0000000019a20000,0x0000000019b20000)]
  0x00000000179a2800 JavaThread "Attach Listener" daemon [_thread_blocked, id=101268, stack(0x0000000019520000,0x0000000019620000)]
  0x00000000179a1000 JavaThread "Signal Dispatcher" daemon [_thread_blocked, id=42992, stack(0x0000000019420000,0x0000000019520000)]
  0x000000001798c800 JavaThread "Finalizer" daemon [_thread_blocked, id=117444, stack(0x0000000019230000,0x0000000019330000)]
  0x0000000002b94800 JavaThread "Reference Handler" daemon [_thread_blocked, id=34244, stack(0x0000000019130000,0x0000000019230000)]
  0x0000000002aa2800 JavaThread "main" [_thread_blocked, id=122220, stack(0x0000000002770000,0x0000000002870000)]

Other Threads:
  0x0000000017968000 VMThread [stack: 0x0000000019030000,0x0000000019130000] [id=26992]
  0x0000000019726800 WatcherThread [stack: 0x0000000019f20000,0x000000001a020000] [id=100092]

=>0x0000000002aba000 (exited) GCTaskThread [stack: 0x0000000012710000,0x0000000012810000] [id=100172]

VM state:at safepoint (normal execution)

VM Mutex/Monitor currently owned by a thread:  ([mutex/lock_event])
[0x00000000028be1d0] Threads_lock - owner thread: 0x0000000017968000
[0x00000000028be850] Heap_lock - owner thread: 0x000000001a25a800

Heap:
 PSYoungGen      total 38400K, used 33280K [0x00000000d5900000, 0x00000000d8380000, 0x0000000100000000)
  eden space 33280K, 100% used [0x00000000d5900000,0x00000000d7980000,0x00000000d7980000)
  from space 5120K, 0% used [0x00000000d7e80000,0x00000000d7e80000,0x00000000d8380000)
  to   space 5120K, 87% used [0x00000000d7980000,0x00000000d7de1cd0,0x00000000d7e80000)
 ParOldGen       total 131584K, used 87918K [0x0000000080a00000, 0x0000000088a80000, 0x00000000d5900000)
  object space 131584K, 66% used [0x0000000080a00000,0x0000000085fdba00,0x0000000088a80000)
 Metaspace       used 8221K, capacity 8334K, committed 8448K, reserved 1056768K
  class space    used 1126K, capacity 1173K, committed 1280K, reserved 1048576K

Card table byte_map: [0x0000000011f60000,0x0000000012360000] byte_map_base: 0x0000000011b5b000

Marking Bits: (ParMarkBitMap*) 0x000000006b8cd850
 Begin Bits: [0x0000000012c10000, 0x0000000014be8000)
 End Bits:   [0x0000000014be8000, 0x0000000016bc0000)

Polling page: 0x0000000000960000

CodeCache: size=245760Kb used=2747Kb max_used=2747Kb free=243012Kb
 bounds [0x0000000002ba0000, 0x0000000002e60000, 0x0000000011ba0000]
 total_blobs=993 nmethods=669 adapters=238
 compilation: enabled

Compilation events (10 events):
Event: 1.642 Thread 0x0000000019688000  666       3       sun.reflect.annotation.AnnotationInvocationHandler::invoke (277 bytes)
Event: 1.643 Thread 0x0000000019688000 nmethod 666 0x0000000002e4e0d0 code [0x0000000002e4e3c0, 0x0000000002e4f9b8]
Event: 1.643 Thread 0x0000000019688000  667       3       com.aparapi.internal.writer.KernelWriter$1::write (10 bytes)
Event: 1.643 Thread 0x0000000019688000 nmethod 667 0x0000000002e50310 code [0x0000000002e50480, 0x0000000002e506e8]
Event: 1.643 Thread 0x0000000019688000  668       1       com.aparapi.internal.model.ClassModel$AttributePool$RealLocalVariableTableEntry$RealLocalVariableInfo::getStart (5 bytes)
Event: 1.643 Thread 0x0000000019688000 nmethod 668 0x0000000002e507d0 code [0x0000000002e50920, 0x0000000002e50a30]
Event: 1.643 Thread 0x0000000019688000  669       1       com.aparapi.internal.instruction.Instruction::getFirstChild (5 bytes)
Event: 1.643 Thread 0x0000000019688000 nmethod 669 0x0000000002e50a90 code [0x0000000002e50be0, 0x0000000002e50cf0]
Event: 1.746 Thread 0x0000000019688000  670       1       com.aparapi.internal.kernel.KernelArg::getType (5 bytes)
Event: 1.746 Thread 0x0000000019688000 nmethod 670 0x0000000002e50d50 code [0x0000000002e50ea0, 0x0000000002e50fb0]

GC Heap History (1 events):
Event: 1.759 GC heap before
{Heap before GC invocations=1 (full 0):
 PSYoungGen      total 38400K, used 33280K [0x00000000d5900000, 0x00000000d8380000, 0x0000000100000000)
  eden space 33280K, 100% used [0x00000000d5900000,0x00000000d7980000,0x00000000d7980000)
  from space 5120K, 0% used [0x00000000d7e80000,0x00000000d7e80000,0x00000000d8380000)
  to   space 5120K, 0% used [0x00000000d7980000,0x00000000d7980000,0x00000000d7e80000)
 ParOldGen       total 87552K, used 0K [0x0000000080a00000, 0x0000000085f80000, 0x00000000d5900000)
  object space 87552K, 0% used [0x0000000080a00000,0x0000000080a00000,0x0000000085f80000)
 Metaspace       used 8221K, capacity 8334K, committed 8448K, reserved 1056768K
  class space    used 1126K, capacity 1173K, committed 1280K, reserved 1048576K

Deoptimization events (4 events):
Event: 0.398 Thread 0x0000000002aa2800 Uncommon trap: reason=unstable_if action=reinterpret pc=0x0000000002d13104 method=java.lang.String.indexOf([CII[CIII)I @ 3
Event: 1.522 Thread 0x0000000002aa2800 Uncommon trap: reason=null_check action=make_not_entrant pc=0x0000000002d8c2f8 method=java.lang.String.equals(Ljava/lang/Object;)Z @ 8
Event: 1.523 Thread 0x0000000002aa2800 Uncommon trap: reason=unstable_if action=reinterpret pc=0x0000000002d6fdd0 method=sun.misc.MetaIndex.mayContain(Ljava/lang/String;)Z @ 38
Event: 1.524 Thread 0x0000000002aa2800 Uncommon trap: reason=unstable_if action=reinterpret pc=0x0000000002d6b4c0 method=sun.misc.MetaIndex.mayContain(Ljava/lang/String;)Z @ 38

Internal exceptions (8 events):
Event: 0.055 Thread 0x0000000002aa2800 Exception <a 'java/lang/NoSuchMethodError': Method sun.misc.Unsafe.defineClass(Ljava/lang/String;[BII)Ljava/lang/Class; name or signature does not match> (0x00000000d5907ca8) thrown at [C:\re\workspace\8-2-build-windows-amd64-cygwin\jdk8u151\9699\hotspot\
Event: 0.055 Thread 0x0000000002aa2800 Exception <a 'java/lang/NoSuchMethodError': Method sun.misc.Unsafe.prefetchRead(Ljava/lang/Object;J)V name or signature does not match> (0x00000000d5907f90) thrown at [C:\re\workspace\8-2-build-windows-amd64-cygwin\jdk8u151\9699\hotspot\src\share\vm\prims
Event: 0.212 Thread 0x0000000002aa2800 Exception <a 'java/io/FileNotFoundException'> (0x00000000d5c1eca8) thrown at [C:\re\workspace\8-2-build-windows-amd64-cygwin\jdk8u151\9699\hotspot\src\share\vm\prims\jni.cpp, line 709]
Event: 0.229 Thread 0x0000000002aa2800 Exception <a 'java/security/PrivilegedActionException'> (0x00000000d5c6a438) thrown at [C:\re\workspace\8-2-build-windows-amd64-cygwin\jdk8u151\9699\hotspot\src\share\vm\prims\jvm.cpp, line 1390]
Event: 0.230 Thread 0x0000000002aa2800 Exception <a 'java/security/PrivilegedActionException'> (0x00000000d5c6a648) thrown at [C:\re\workspace\8-2-build-windows-amd64-cygwin\jdk8u151\9699\hotspot\src\share\vm\prims\jvm.cpp, line 1390]
Event: 0.230 Thread 0x0000000002aa2800 Exception <a 'java/security/PrivilegedActionException'> (0x00000000d5c6e558) thrown at [C:\re\workspace\8-2-build-windows-amd64-cygwin\jdk8u151\9699\hotspot\src\share\vm\prims\jvm.cpp, line 1390]
Event: 0.230 Thread 0x0000000002aa2800 Exception <a 'java/security/PrivilegedActionException'> (0x00000000d5c6e768) thrown at [C:\re\workspace\8-2-build-windows-amd64-cygwin\jdk8u151\9699\hotspot\src\share\vm\prims\jvm.cpp, line 1390]
Event: 1.522 Thread 0x0000000002aa2800 Implicit null exception at 0x0000000002d8c122 to 0x0000000002d8c2e9

Events (10 events):
Event: 1.638 loading class com/aparapi/internal/instruction/InstructionSet$CompositeDoWhileInstruction
Event: 1.638 loading class com/aparapi/internal/instruction/InstructionSet$CompositeDoWhileInstruction done
Event: 1.638 loading class com/aparapi/internal/instruction/InstructionSet$1
Event: 1.638 loading class com/aparapi/internal/instruction/InstructionSet$1 done
Event: 1.642 loading class com/aparapi/internal/writer/BlockWriter$1
Event: 1.642 loading class com/aparapi/internal/writer/BlockWriter$1 done
Event: 1.758 Thread 0x000000001a256000 Thread added: 0x000000001a256000
Event: 1.758 Thread 0x000000001a25a800 Thread added: 0x000000001a25a800
Event: 1.759 Thread 0x000000001a25b800 Thread added: 0x000000001a25b800
Event: 1.759 Executing VM operation: ParallelGCFailedAllocation


Dynamic libraries:
0x00007ff642bb0000 - 0x00007ff642be7000 	C:\Program Files\Java\jdk1.8.0_151\bin\java.exe
0x00007ffb59a30000 - 0x00007ffb59c11000 	C:\WINDOWS\SYSTEM32\ntdll.dll
0x00007ffb597b0000 - 0x00007ffb59862000 	C:\WINDOWS\System32\KERNEL32.DLL
0x00007ffb569e0000 - 0x00007ffb56c53000 	C:\WINDOWS\System32\KERNELBASE.dll
0x00007ffb57410000 - 0x00007ffb574b1000 	C:\WINDOWS\System32\ADVAPI32.dll
0x00007ffb56ec0000 - 0x00007ffb56f5e000 	C:\WINDOWS\System32\msvcrt.dll
0x00007ffb579a0000 - 0x00007ffb579fb000 	C:\WINDOWS\System32\sechost.dll
0x00007ffb59670000 - 0x00007ffb59794000 	C:\WINDOWS\System32\RPCRT4.dll
0x00007ffb59870000 - 0x00007ffb59a00000 	C:\WINDOWS\System32\USER32.dll
0x00007ffb56c60000 - 0x00007ffb56c80000 	C:\WINDOWS\System32\win32u.dll
0x00007ffb57970000 - 0x00007ffb57998000 	C:\WINDOWS\System32\GDI32.dll
0x00007ffb56130000 - 0x00007ffb562c2000 	C:\WINDOWS\System32\gdi32full.dll
0x00007ffb55fb0000 - 0x00007ffb5604f000 	C:\WINDOWS\System32\msvcp_win.dll
0x00007ffb55eb0000 - 0x00007ffb55faa000 	C:\WINDOWS\System32\ucrtbase.dll
0x00007ffb45520000 - 0x00007ffb45789000 	C:\WINDOWS\WinSxS\amd64_microsoft.windows.common-controls_6595b64144ccf1df_6.0.17134.48_none_b4b2216a3cb4dd3e\COMCTL32.dll
0x00007ffb575c0000 - 0x00007ffb578e3000 	C:\WINDOWS\System32\combase.dll
0x00007ffb560b0000 - 0x00007ffb5612a000 	C:\WINDOWS\System32\bcryptPrimitives.dll
0x00007ffb572a0000 - 0x00007ffb572cd000 	C:\WINDOWS\System32\IMM32.DLL
0x000000006b950000 - 0x000000006ba22000 	C:\Program Files\Java\jdk1.8.0_151\jre\bin\msvcr100.dll
0x000000006b0b0000 - 0x000000006b94d000 	C:\Program Files\Java\jdk1.8.0_151\jre\bin\server\jvm.dll
0x00007ffb57e50000 - 0x00007ffb57e58000 	C:\WINDOWS\System32\PSAPI.DLL
0x00007ffb52950000 - 0x00007ffb52959000 	C:\WINDOWS\SYSTEM32\WSOCK32.dll
0x00007ffb573a0000 - 0x00007ffb5740c000 	C:\WINDOWS\System32\WS2_32.dll
0x00007ffb53fa0000 - 0x00007ffb53fc3000 	C:\WINDOWS\SYSTEM32\WINMM.dll
0x00007ffb4ec60000 - 0x00007ffb4ec6a000 	C:\WINDOWS\SYSTEM32\VERSION.dll
0x00007ffb53da0000 - 0x00007ffb53dca000 	C:\WINDOWS\SYSTEM32\winmmbase.dll
0x00007ffb56e70000 - 0x00007ffb56eb9000 	C:\WINDOWS\System32\cfgmgr32.dll
0x000000006b0a0000 - 0x000000006b0af000 	C:\Program Files\Java\jdk1.8.0_151\jre\bin\verify.dll
0x000000006b070000 - 0x000000006b099000 	C:\Program Files\Java\jdk1.8.0_151\jre\bin\java.dll
0x000000006b020000 - 0x000000006b043000 	C:\Program Files\Java\jdk1.8.0_151\jre\bin\instrument.dll
0x000000006b050000 - 0x000000006b066000 	C:\Program Files\Java\jdk1.8.0_151\jre\bin\zip.dll
0x00007ffb57fe0000 - 0x00007ffb59420000 	C:\WINDOWS\System32\SHELL32.dll
0x00007ffb57f30000 - 0x00007ffb57fd9000 	C:\WINDOWS\System32\shcore.dll
0x00007ffb562d0000 - 0x00007ffb569dd000 	C:\WINDOWS\System32\windows.storage.dll
0x00007ffb57ec0000 - 0x00007ffb57f11000 	C:\WINDOWS\System32\shlwapi.dll
0x00007ffb55dd0000 - 0x00007ffb55de1000 	C:\WINDOWS\System32\kernel.appcore.dll
0x00007ffb55d60000 - 0x00007ffb55d7f000 	C:\WINDOWS\System32\profapi.dll
0x00007ffb55d80000 - 0x00007ffb55dcc000 	C:\WINDOWS\System32\powrprof.dll
0x00007ffb55df0000 - 0x00007ffb55dfa000 	C:\WINDOWS\System32\FLTLIB.DLL
0x00007ffb41eb0000 - 0x00007ffb41eca000 	C:\Program Files\JetBrains\IntelliJ IDEA Community Edition 2017.3.2\bin\breakgen64.dll
0x000000006b000000 - 0x000000006b01a000 	C:\Program Files\Java\jdk1.8.0_151\jre\bin\net.dll
0x00007ffb55560000 - 0x00007ffb555c6000 	C:\WINDOWS\system32\mswsock.dll
0x00007ffb55720000 - 0x00007ffb55737000 	C:\WINDOWS\SYSTEM32\CRYPTSP.dll
0x00007ffb55140000 - 0x00007ffb55173000 	C:\WINDOWS\system32\rsaenh.dll
0x00007ffb55840000 - 0x00007ffb55865000 	C:\WINDOWS\SYSTEM32\bcrypt.dll
0x00007ffb55c40000 - 0x00007ffb55c68000 	C:\WINDOWS\SYSTEM32\USERENV.dll
0x00007ffb55710000 - 0x00007ffb5571b000 	C:\WINDOWS\SYSTEM32\CRYPTBASE.dll
0x00007ffb552e0000 - 0x00007ffb55318000 	C:\WINDOWS\SYSTEM32\IPHLPAPI.DLL
0x00007ffb597a0000 - 0x00007ffb597a8000 	C:\WINDOWS\System32\NSI.dll
0x00007ffb50eb0000 - 0x00007ffb50ec6000 	C:\WINDOWS\SYSTEM32\dhcpcsvc6.DLL
0x00007ffb51210000 - 0x00007ffb5122a000 	C:\WINDOWS\SYSTEM32\dhcpcsvc.DLL
0x000000006afe0000 - 0x000000006aff1000 	C:\Program Files\Java\jdk1.8.0_151\jre\bin\nio.dll
0x00007ffb41400000 - 0x00007ffb41425000 	C:\Users\Anonymous\AppData\Local\Temp\libaparapi_x86_646837350307349459253.dll
0x00007ffb342f0000 - 0x00007ffb34311000 	C:\WINDOWS\SYSTEM32\OpenCL.dll
0x00007ffb414a0000 - 0x00007ffb414b6000 	C:\WINDOWS\SYSTEM32\VCRUNTIME140.dll
0x00007ffb32460000 - 0x00007ffb3250a000 	C:\WINDOWS\SYSTEM32\MSVCP140.dll
0x00007ffb0e0b0000 - 0x00007ffb11bb7000 	C:\Windows\System32\DriverStore\FileRepository\c0318486.inf_amd64_11ba0b4b7cc81d52\amdocl64.dll
0x00007ffb57a00000 - 0x00007ffb57e4b000 	C:\WINDOWS\System32\SETUPAPI.dll
0x00007ffb2f5e0000 - 0x00007ffb2f700000 	C:\WINDOWS\SYSTEM32\OPENGL32.dll
0x00007ffb59510000 - 0x00007ffb59661000 	C:\WINDOWS\System32\ole32.dll
0x00007ffb41600000 - 0x00007ffb4162c000 	C:\WINDOWS\SYSTEM32\GLU32.dll
0x00007ffb35fc0000 - 0x00007ffb36143000 	C:\WINDOWS\SYSTEM32\atiadlxx.DLL
0x00007ffb525e0000 - 0x00007ffb52794000 	C:\WINDOWS\SYSTEM32\PROPSYS.dll
0x00007ffb51d20000 - 0x00007ffb51d33000 	C:\WINDOWS\SYSTEM32\WTSAPI32.dll
0x00007ffb572d0000 - 0x00007ffb57392000 	C:\WINDOWS\System32\OLEAUT32.dll
0x00007ffb55af0000 - 0x00007ffb55b17000 	C:\WINDOWS\SYSTEM32\DEVOBJ.dll
0x00007ffb56050000 - 0x00007ffb560a7000 	C:\WINDOWS\System32\WINTRUST.dll
0x00007ffb55d40000 - 0x00007ffb55d52000 	C:\WINDOWS\System32\MSASN1.dll
0x00007ffb56c80000 - 0x00007ffb56e62000 	C:\WINDOWS\System32\CRYPT32.dll
0x00007ffb544d0000 - 0x00007ffb544f9000 	C:\WINDOWS\SYSTEM32\dwmapi.dll
0x00007ffb337b0000 - 0x00007ffb337ed000 	C:\WINDOWS\System32\DriverStore\FileRepository\c0318486.inf_amd64_11ba0b4b7cc81d52\atig6txx.dll
0x00007ffb0c230000 - 0x00007ffb0e0a3000 	C:\Windows\System32\DriverStore\FileRepository\c0318486.inf_amd64_11ba0b4b7cc81d52\amdocl12cl64.dll
0x00007ffb47710000 - 0x00007ffb478d9000 	C:\WINDOWS\SYSTEM32\dbghelp.dll

VM Arguments:
jvm_args: -ea -Didea.test.cyclic.buffer.size=1048576 -javaagent:C:\Program Files\JetBrains\IntelliJ IDEA Community Edition 2017.3.2\lib\idea_rt.jar=60277:C:\Program Files\JetBrains\IntelliJ IDEA Community Edition 2017.3.2\bin -Dfile.encoding=UTF-8 
java_command: com.intellij.rt.execution.junit.JUnitStarter -ideVersion5 -junit4 AparapiTest
java_class_path (initial): C:\Program Files\JetBrains\IntelliJ IDEA Community Edition 2017.3.2\lib\idea_rt.jar;C:\Program Files\JetBrains\IntelliJ IDEA Community Edition 2017.3.2\plugins\junit\lib\junit-rt.jar;C:\Program Files\JetBrains\IntelliJ IDEA Community Edition 2017.3.2\plugins\junit\lib\junit5-rt.jar;C:\Program Files\Java\jdk1.8.0_151\jre\lib\charsets.jar;C:\Program Files\Java\jdk1.8.0_151\jre\lib\deploy.jar;C:\Program Files\Java\jdk1.8.0_151\jre\lib\ext\access-bridge-64.jar;C:\Program Files\Java\jdk1.8.0_151\jre\lib\ext\cldrdata.jar;C:\Program Files\Java\jdk1.8.0_151\jre\lib\ext\dnsns.jar;C:\Program Files\Java\jdk1.8.0_151\jre\lib\ext\jaccess.jar;C:\Program Files\Java\jdk1.8.0_151\jre\lib\ext\jfxrt.jar;C:\Program Files\Java\jdk1.8.0_151\jre\lib\ext\localedata.jar;C:\Program Files\Java\jdk1.8.0_151\jre\lib\ext\nashorn.jar;C:\Program Files\Java\jdk1.8.0_151\jre\lib\ext\sunec.jar;C:\Program Files\Java\jdk1.8.0_151\jre\lib\ext\sunjce_provider.jar;C:\Program Files\Java\jdk1.8.0_151\jre\lib\ext\sunmscapi.jar;C:\Program Files\Java\jdk1.8.0_151\jre\lib\ext\sunpkcs11.jar;C:\Program Files\Java\jdk1.8.0_151\jre\lib\ext\zipfs.jar;C:\Program Files\Java\jdk1.8.0_151\jre\lib\javaws.jar;C:\Program Files\Java\jdk1.8.0_151\jre\lib\jce.jar;C:\Program Files\Java\jdk1.8.0_151\jre\lib\jfr.jar;C:\Program Files\Java\jdk1.8.0_151\jre\lib\jfxswt.jar;C:\Program Files\Java\jdk1.8.0_151\jre\lib\jsse.jar;C:\Program Files\Java\jdk1.8.0_151\jre\lib\management-agent.jar;C:\Program Files\Java\jdk1.8.0_151\jre\lib\plugin.jar;C:\Program Files\Java\jdk1.8.0_151\jre\lib\resources.jar;C:\Program Files\Java\jdk1.8.0_151\jre\lib\rt.jar;C:\Users\Anonymous\eclipse-workspace\machine-learning\target\test-classes;C:\Users\Anonymous\eclipse-workspace\machine-learning\target\classes;C:\Program Files\JetBrains\IntelliJ IDEA Community Edition 2017.3.2\lib\junit-4.12.jar;C:\Users\Anonymous\.m2\repository\junit\junit\4.12\junit-4.12.jar;C:\Users\Anonymous\.m2\repository\org\hamcrest\hamcrest-core\1.3\hamcr
Launcher Type: SUN_STANDARD

Environment Variables:
JAVA_HOME=C:\Program Files\Java\jdk1.8.0_151
PATH=C:\ProgramData\Oracle\Java\javapath;C:\WINDOWS\system32;C:\WINDOWS;C:\WINDOWS\System32\Wbem;C:\WINDOWS\System32\WindowsPowerShell\v1.0\;C:\Program Files\Git\cmd;C:\Users\Lawrence\AppData\Local\Android\Sdk\platform-tools;C:\Program Files\dotnet\;C:\Program Files\Microsoft SQL Server\130\Tools\Binn\;C:\Program Files\apache-maven-3.5.2\bin;C:\Program Files\Java\jdk1.8.0_151\bin;C:\Users\Anonymous\AppData\Local\Programs\MiKTeX 2.9\miktex\bin\x64;;C:\WINDOWS\System32\OpenSSH\;C:\Users\Anonymous\AppData\Local\Microsoft\WindowsApps;C:\Users\Anonymous\AppData\Local\GitHubDesktop\bin;C:\Users\Anonymous\AppData\Local\Programs\MiKTeX 2.9\miktex\bin\x64;;%USERPROFILE%\AppData\Local\Microsoft\WindowsApps
USERNAME=Anonymous
OS=Windows_NT
PROCESSOR_IDENTIFIER=AMD64 Family 21 Model 2 Stepping 0, AuthenticAMD



---------------  S Y S T E M  ---------------

OS: Windows 10.0 , 64 bit Build 17134 (10.0.17134.1)

CPU:total 6 (initial active 6) (6 cores per cpu, 1 threads per core) family 21 model 2 stepping 0, cmov, cx8, fxsr, mmx, sse, sse2, sse3, ssse3, sse4.1, sse4.2, popcnt, avx, aes, clmul, mmxext, 3dnowpref, lzcnt, sse4a, tsc, tscinvbit, tscinv, bmi1

Memory: 4k page, physical 8345436k(2461852k free), swap 13270856k(1705036k free)

vm_info: Java HotSpot(TM) 64-Bit Server VM (25.151-b12) for windows-amd64 JRE (1.8.0_151-b12), built on Sep  5 2017 19:33:46 by "java_re" with MS VC++ 10.0 (VS2010)

time: Wed May 30 15:24:57 2018
elapsed time: 1 seconds (0d 0h 0m 1s)

